<?xml version="1.0" encoding="UTF-8"?>
<testsuite name="com.boku.backend.api.controllers.TransferControllerTest" tests="2" skipped="0" failures="0" errors="0" timestamp="2023-06-11T18:10:22" hostname="harshit-Inspiron-5558" time="0.623">
  <properties/>
  <testcase name="testCreateTransferInvalidRequest()" classname="com.boku.backend.api.controllers.TransferControllerTest" time="0.594"/>
  <testcase name="testCreateTransfer()" classname="com.boku.backend.api.controllers.TransferControllerTest" time="0.025"/>
  <system-out><![CDATA[]]></system-out>
  <system-err><![CDATA[]]></system-err>
</testsuite>
