<?xml version="1.0" encoding="UTF-8"?>
<testsuite name="com.boku.backend.repositories.UserRepositoryTest" tests="2" skipped="0" failures="0" errors="0" timestamp="2023-06-11T18:10:29" hostname="harshit-Inspiron-5558" time="0.011">
  <properties/>
  <testcase name="testSaveUser()" classname="com.boku.backend.repositories.UserRepositoryTest" time="0.008"/>
  <testcase name="testGetUserById()" classname="com.boku.backend.repositories.UserRepositoryTest" time="0.002"/>
  <system-out><![CDATA[]]></system-out>
  <system-err><![CDATA[]]></system-err>
</testsuite>
