<?xml version="1.0" encoding="UTF-8"?>
<testsuite name="com.boku.backend.api.controllers.UserControllerTest" tests="2" skipped="0" failures="0" errors="0" timestamp="2023-06-11T18:10:23" hostname="harshit-Inspiron-5558" time="0.071">
  <properties/>
  <testcase name="testGetUserNotFound()" classname="com.boku.backend.api.controllers.UserControllerTest" time="0.065"/>
  <testcase name="testGetUser()" classname="com.boku.backend.api.controllers.UserControllerTest" time="0.004"/>
  <system-out><![CDATA[]]></system-out>
  <system-err><![CDATA[]]></system-err>
</testsuite>
