<?xml version="1.0" encoding="UTF-8"?>
<testsuite name="com.boku.backend.api.services.TransferServiceTest" tests="2" skipped="0" failures="0" errors="0" timestamp="2023-06-11T18:10:23" hostname="harshit-Inspiron-5558" time="0.092">
  <properties/>
  <testcase name="testMakeTransfer_Success()" classname="com.boku.backend.api.services.TransferServiceTest" time="0.082"/>
  <testcase name="testMakeTransfer_InsufficientBalance()" classname="com.boku.backend.api.services.TransferServiceTest" time="0.006"/>
  <system-out><![CDATA[]]></system-out>
  <system-err><![CDATA[]]></system-err>
</testsuite>
