<?xml version="1.0" encoding="UTF-8"?>
<testsuite name="com.boku.backend.repositories.TransferRepositoryTest" tests="2" skipped="0" failures="0" errors="0" timestamp="2023-06-11T18:10:29" hostname="harshit-Inspiron-5558" time="0.007">
  <properties/>
  <testcase name="testSaveTransfer()" classname="com.boku.backend.repositories.TransferRepositoryTest" time="0.003"/>
  <testcase name="testGetTransferById()" classname="com.boku.backend.repositories.TransferRepositoryTest" time="0.002"/>
  <system-out><![CDATA[]]></system-out>
  <system-err><![CDATA[]]></system-err>
</testsuite>
