<?xml version="1.0" encoding="UTF-8"?>
<testsuite name="com.boku.backend.api.services.WithdrawalServiceTest" tests="2" skipped="0" failures="0" errors="0" timestamp="2023-06-11T18:10:23" hostname="harshit-Inspiron-5558" time="5.802">
  <properties/>
  <testcase name="testWithdrawalRequestNotFound()" classname="com.boku.backend.api.services.WithdrawalServiceTest" time="0.031"/>
  <testcase name="testRequestWithdrawal()" classname="com.boku.backend.api.services.WithdrawalServiceTest" time="5.768"/>
  <system-out><![CDATA[]]></system-out>
  <system-err><![CDATA[]]></system-err>
</testsuite>
