<?xml version="1.0" encoding="UTF-8"?>
<testsuite name="com.boku.backend.api.services.UserServiceTest" tests="2" skipped="0" failures="0" errors="0" timestamp="2023-06-11T18:10:23" hostname="harshit-Inspiron-5558" time="0.01">
  <properties/>
  <testcase name="testGetUser_Success()" classname="com.boku.backend.api.services.UserServiceTest" time="0.003"/>
  <testcase name="testGetUser_UserNotFound()" classname="com.boku.backend.api.services.UserServiceTest" time="0.004"/>
  <system-out><![CDATA[]]></system-out>
  <system-err><![CDATA[]]></system-err>
</testsuite>
